# JRE version: OpenJDK Runtime Environment Microsoft-8035246 (17.0.8+7) (build 17.0.8+7-LTS)
# Java VM: OpenJDK 64-Bit Server VM Microsoft-8035246 (17.0.8+7-LTS, mixed mode, sharing, tiered, compressed oops, compressed class ptrs, g1 gc, windows-amd64)
GC Precious Log:
 CPUs: 12 total, 12 available
 Memory: 7502M
 Large Page Support: Disabled
 NUMA Support: Disabled
 Compressed Oops: Enabled (32-bit)
 Heap Region Size: 1M
 Heap Min Capacity: 8M
 Heap Initial Capacity: 118M
 Heap Max Capacity: 2G
 Pre-touch: Disabled
 Parallel Workers: 10
 Concurrent Workers: 3
 Concurrent Refinement Workers: 10
 Periodic GC: Disabled
Heap:
 garbage-first heap   total 315392K, used 252306K [0x0000000080000000, 0x0000000100000000)
  region size 1024K, 42 young (43008K), 5 survivors (5120K)
 Metaspace       used 114385K, committed 115584K, reserved 557056K
  class space    used 15630K, committed 16192K, reserved 425984K
GC Heap History (20 events):
Event: 38.460 GC heap before
{Heap before GC invocations=45 (full 0):
 garbage-first heap   total 262144K, used 218131K [0x0000000080000000, 0x0000000100000000)
  region size 1024K, 38 young (38912K), 5 survivors (5120K)
 Metaspace       used 111037K, committed 112128K, reserved 557056K
  class space    used 15377K, committed 15872K, reserved 425984K
}
Event: 38.468 GC heap after
{Heap after GC invocations=46 (full 0):
 garbage-first heap   total 262144K, used 189541K [0x0000000080000000, 0x0000000100000000)
  region size 1024K, 5 young (5120K), 5 survivors (5120K)
 Metaspace       used 111037K, committed 112128K, reserved 557056K
  class space    used 15377K, committed 15872K, reserved 425984K
}
Event: 38.772 GC heap before
{Heap before GC invocations=46 (full 0):
 garbage-first heap   total 262144K, used 220261K [0x0000000080000000, 0x0000000100000000)
  region size 1024K, 35 young (35840K), 5 survivors (5120K)
 Metaspace       used 111408K, committed 112640K, reserved 557056K
  class space    used 15404K, committed 15936K, reserved 425984K
}
Event: 38.780 GC heap after
{Heap after GC invocations=47 (full 0):
 garbage-first heap   total 262144K, used 193514K [0x0000000080000000, 0x0000000100000000)
  region size 1024K, 4 young (4096K), 4 survivors (4096K)
 Metaspace       used 111408K, committed 112640K, reserved 557056K
  class space    used 15404K, committed 15936K, reserved 425984K
}
Event: 39.047 GC heap before
{Heap before GC invocations=47 (full 0):
 garbage-first heap   total 262144K, used 222186K [0x0000000080000000, 0x0000000100000000)
  region size 1024K, 32 young (32768K), 4 survivors (4096K)
 Metaspace       used 111515K, committed 112704K, reserved 557056K
  class space    used 15404K, committed 15936K, reserved 425984K
}
Event: 39.054 GC heap after
{Heap after GC invocations=48 (full 0):
 garbage-first heap   total 262144K, used 195892K [0x0000000080000000, 0x0000000100000000)
  region size 1024K, 3 young (3072K), 3 survivors (3072K)
 Metaspace       used 111515K, committed 112704K, reserved 557056K
  class space    used 15404K, committed 15936K, reserved 425984K
}
Event: 39.342 GC heap before
{Heap before GC invocations=48 (full 0):
 garbage-first heap   total 262144K, used 223540K [0x0000000080000000, 0x0000000100000000)
  region size 1024K, 30 young (30720K), 3 survivors (3072K)
 Metaspace       used 111823K, committed 112960K, reserved 557056K
  class space    used 15439K, committed 15936K, reserved 425984K
}
Event: 39.347 GC heap after
{Heap after GC invocations=49 (full 0):
 garbage-first heap   total 315392K, used 198910K [0x0000000080000000, 0x0000000100000000)
  region size 1024K, 4 young (4096K), 4 survivors (4096K)
 Metaspace       used 111823K, committed 112960K, reserved 557056K
  class space    used 15439K, committed 15936K, reserved 425984K
}
Event: 39.959 GC heap before
{Heap before GC invocations=49 (full 0):
 garbage-first heap   total 315392K, used 264446K [0x0000000080000000, 0x0000000100000000)
  region size 1024K, 64 young (65536K), 4 survivors (4096K)
 Metaspace       used 113872K, committed 115072K, reserved 557056K
  class space    used 15577K, committed 16128K, reserved 425984K
}
Event: 39.967 GC heap after
{Heap after GC invocations=50 (full 0):
 garbage-first heap   total 315392K, used 207272K [0x0000000080000000, 0x0000000100000000)
  region size 1024K, 8 young (8192K), 8 survivors (8192K)
 Metaspace       used 113872K, committed 115072K, reserved 557056K
  class space    used 15577K, committed 16128K, reserved 425984K
}
Event: 40.548 GC heap before
{Heap before GC invocations=50 (full 0):
 garbage-first heap   total 315392K, used 260520K [0x0000000080000000, 0x0000000100000000)
  region size 1024K, 61 young (62464K), 8 survivors (8192K)
 Metaspace       used 114373K, committed 115584K, reserved 557056K
  class space    used 15629K, committed 16192K, reserved 425984K
}
Event: 40.555 GC heap after
{Heap after GC invocations=51 (full 0):
 garbage-first heap   total 315392K, used 210111K [0x0000000080000000, 0x0000000100000000)
  region size 1024K, 5 young (5120K), 5 survivors (5120K)
 Metaspace       used 114373K, committed 115584K, reserved 557056K
  class space    used 15629K, committed 16192K, reserved 425984K
}
Event: 40.796 GC heap before
{Heap before GC invocations=51 (full 0):
 garbage-first heap   total 315392K, used 263359K [0x0000000080000000, 0x0000000100000000)
  region size 1024K, 58 young (59392K), 5 survivors (5120K)
 Metaspace       used 114383K, committed 115584K, reserved 557056K
  class space    used 15630K, committed 16192K, reserved 425984K
}
Event: 40.801 GC heap after
{Heap after GC invocations=52 (full 0):
 garbage-first heap   total 315392K, used 211609K [0x0000000080000000, 0x0000000100000000)
  region size 1024K, 4 young (4096K), 4 survivors (4096K)
 Metaspace       used 114383K, committed 115584K, reserved 557056K
  class space    used 15630K, committed 16192K, reserved 425984K
}
Event: 41.157 GC heap before
{Heap before GC invocations=52 (full 0):
 garbage-first heap   total 315392K, used 264857K [0x0000000080000000, 0x0000000100000000)
  region size 1024K, 57 young (58368K), 4 survivors (4096K)
 Metaspace       used 114383K, committed 115584K, reserved 557056K
  class space    used 15630K, committed 16192K, reserved 425984K
}
Event: 41.162 GC heap after
{Heap after GC invocations=53 (full 0):
 garbage-first heap   total 315392K, used 212880K [0x0000000080000000, 0x0000000100000000)
  region size 1024K, 5 young (5120K), 5 survivors (5120K)
 Metaspace       used 114383K, committed 115584K, reserved 557056K
  class space    used 15630K, committed 16192K, reserved 425984K
}
Event: 41.659 GC heap before
{Heap before GC invocations=53 (full 0):
 garbage-first heap   total 315392K, used 267152K [0x0000000080000000, 0x0000000100000000)
  region size 1024K, 58 young (59392K), 5 survivors (5120K)
 Metaspace       used 114384K, committed 115584K, reserved 557056K
  class space    used 15630K, committed 16192K, reserved 425984K
}
Event: 41.664 GC heap after
{Heap after GC invocations=54 (full 0):
 garbage-first heap   total 315392K, used 214002K [0x0000000080000000, 0x0000000100000000)
  region size 1024K, 5 young (5120K), 5 survivors (5120K)
 Metaspace       used 114384K, committed 115584K, reserved 557056K
  class space    used 15630K, committed 16192K, reserved 425984K
}
Event: 42.081 GC heap before
{Heap before GC invocations=54 (full 0):
 garbage-first heap   total 315392K, used 269298K [0x0000000080000000, 0x0000000100000000)
  region size 1024K, 59 young (60416K), 5 survivors (5120K)
 Metaspace       used 114385K, committed 115584K, reserved 557056K
  class space    used 15630K, committed 16192K, reserved 425984K
}
Event: 42.086 GC heap after
{Heap after GC invocations=55 (full 0):
 garbage-first heap   total 315392K, used 215442K [0x0000000080000000, 0x0000000100000000)
  region size 1024K, 5 young (5120K), 5 survivors (5120K)
 Metaspace       used 114385K, committed 115584K, reserved 557056K
  class space    used 15630K, committed 16192K, reserved 425984K
}

