# JRE version: OpenJDK Runtime Environment Microsoft-8035246 (17.0.8+7) (build 17.0.8+7-LTS)
# Java VM: OpenJDK 64-Bit Server VM Microsoft-8035246 (17.0.8+7-LTS, mixed mode, sharing, tiered, compressed oops, compressed class ptrs, g1 gc, windows-amd64)
GC Precious Log:
 CPUs: 12 total, 12 available
 Memory: 7502M
 Large Page Support: Disabled
 NUMA Support: Disabled
 Compressed Oops: Enabled (32-bit)
 Heap Region Size: 1M
 Heap Min Capacity: 8M
 Heap Initial Capacity: 118M
 Heap Max Capacity: 2G
 Pre-touch: Disabled
 Parallel Workers: 10
 Concurrent Workers: 3
 Concurrent Refinement Workers: 10
 Periodic GC: Disabled
Heap:
 garbage-first heap   total 332800K, used 251125K [0x0000000080000000, 0x0000000100000000)
  region size 1024K, 56 young (57344K), 7 survivors (7168K)
 Metaspace       used 108960K, committed 110144K, reserved 557056K
  class space    used 14963K, committed 15488K, reserved 425984K
GC Heap History (20 events):
Event: 35.786 GC heap before
{Heap before GC invocations=53 (full 0):
 garbage-first heap   total 263168K, used 193138K [0x0000000080000000, 0x0000000100000000)
  region size 1024K, 37 young (37888K), 7 survivors (7168K)
 Metaspace       used 99117K, committed 100288K, reserved 557056K
  class space    used 13822K, committed 14336K, reserved 425984K
}
Event: 35.792 GC heap after
{Heap after GC invocations=54 (full 0):
 garbage-first heap   total 263168K, used 168696K [0x0000000080000000, 0x0000000100000000)
  region size 1024K, 6 young (6144K), 6 survivors (6144K)
 Metaspace       used 99117K, committed 100288K, reserved 557056K
  class space    used 13822K, committed 14336K, reserved 425984K
}
Event: 36.592 GC heap before
{Heap before GC invocations=55 (full 0):
 garbage-first heap   total 291840K, used 211704K [0x0000000080000000, 0x0000000100000000)
  region size 1024K, 47 young (48128K), 6 survivors (6144K)
 Metaspace       used 100737K, committed 101888K, reserved 557056K
  class space    used 14046K, committed 14592K, reserved 425984K
}
Event: 36.602 GC heap after
{Heap after GC invocations=56 (full 0):
 garbage-first heap   total 291840K, used 176740K [0x0000000080000000, 0x0000000100000000)
  region size 1024K, 6 young (6144K), 6 survivors (6144K)
 Metaspace       used 100737K, committed 101888K, reserved 557056K
  class space    used 14046K, committed 14592K, reserved 425984K
}
Event: 36.755 GC heap before
{Heap before GC invocations=56 (full 0):
 garbage-first heap   total 291840K, used 183908K [0x0000000080000000, 0x0000000100000000)
  region size 1024K, 14 young (14336K), 6 survivors (6144K)
 Metaspace       used 101429K, committed 102592K, reserved 557056K
  class space    used 14139K, committed 14656K, reserved 425984K
}
Event: 36.763 GC heap after
{Heap after GC invocations=57 (full 0):
 garbage-first heap   total 291840K, used 175044K [0x0000000080000000, 0x0000000100000000)
  region size 1024K, 1 young (1024K), 1 survivors (1024K)
 Metaspace       used 101429K, committed 102592K, reserved 557056K
  class space    used 14139K, committed 14656K, reserved 425984K
}
Event: 37.932 GC heap before
{Heap before GC invocations=57 (full 0):
 garbage-first heap   total 291840K, used 227268K [0x0000000080000000, 0x0000000100000000)
  region size 1024K, 52 young (53248K), 1 survivors (1024K)
 Metaspace       used 104648K, committed 105792K, reserved 557056K
  class space    used 14589K, committed 15104K, reserved 425984K
}
Event: 37.938 GC heap after
{Heap after GC invocations=58 (full 0):
 garbage-first heap   total 291840K, used 178504K [0x0000000080000000, 0x0000000100000000)
  region size 1024K, 5 young (5120K), 5 survivors (5120K)
 Metaspace       used 104648K, committed 105792K, reserved 557056K
  class space    used 14589K, committed 15104K, reserved 425984K
}
Event: 38.645 GC heap before
{Heap before GC invocations=58 (full 0):
 garbage-first heap   total 291840K, used 230728K [0x0000000080000000, 0x0000000100000000)
  region size 1024K, 56 young (57344K), 5 survivors (5120K)
 Metaspace       used 105962K, committed 107136K, reserved 557056K
  class space    used 14739K, committed 15296K, reserved 425984K
}
Event: 38.654 GC heap after
{Heap after GC invocations=59 (full 0):
 garbage-first heap   total 291840K, used 186120K [0x0000000080000000, 0x0000000100000000)
  region size 1024K, 7 young (7168K), 7 survivors (7168K)
 Metaspace       used 105962K, committed 107136K, reserved 557056K
  class space    used 14739K, committed 15296K, reserved 425984K
}
Event: 39.179 GC heap before
{Heap before GC invocations=59 (full 0):
 garbage-first heap   total 291840K, used 236296K [0x0000000080000000, 0x0000000100000000)
  region size 1024K, 56 young (57344K), 7 survivors (7168K)
 Metaspace       used 106165K, committed 107392K, reserved 557056K
  class space    used 14739K, committed 15296K, reserved 425984K
}
Event: 39.188 GC heap after
{Heap after GC invocations=60 (full 0):
 garbage-first heap   total 291840K, used 191440K [0x0000000080000000, 0x0000000100000000)
  region size 1024K, 5 young (5120K), 5 survivors (5120K)
 Metaspace       used 106165K, committed 107392K, reserved 557056K
  class space    used 14739K, committed 15296K, reserved 425984K
}
Event: 39.725 GC heap before
{Heap before GC invocations=61 (full 0):
 garbage-first heap   total 332800K, used 236496K [0x0000000080000000, 0x0000000100000000)
  region size 1024K, 50 young (51200K), 5 survivors (5120K)
 Metaspace       used 107571K, committed 108800K, reserved 557056K
  class space    used 14878K, committed 15424K, reserved 425984K
}
Event: 39.737 GC heap after
{Heap after GC invocations=62 (full 0):
 garbage-first heap   total 332800K, used 198376K [0x0000000080000000, 0x0000000100000000)
  region size 1024K, 7 young (7168K), 7 survivors (7168K)
 Metaspace       used 107571K, committed 108800K, reserved 557056K
  class space    used 14878K, committed 15424K, reserved 425984K
}
Event: 39.883 GC heap before
{Heap before GC invocations=62 (full 0):
 garbage-first heap   total 332800K, used 211688K [0x0000000080000000, 0x0000000100000000)
  region size 1024K, 16 young (16384K), 7 survivors (7168K)
 Metaspace       used 108434K, committed 109632K, reserved 557056K
  class space    used 14912K, committed 15424K, reserved 425984K
}
Event: 39.891 GC heap after
{Heap after GC invocations=63 (full 0):
 garbage-first heap   total 332800K, used 197878K [0x0000000080000000, 0x0000000100000000)
  region size 1024K, 2 young (2048K), 2 survivors (2048K)
 Metaspace       used 108434K, committed 109632K, reserved 557056K
  class space    used 14912K, committed 15424K, reserved 425984K
}
Event: 40.599 GC heap before
{Heap before GC invocations=63 (full 0):
 garbage-first heap   total 332800K, used 263414K [0x0000000080000000, 0x0000000100000000)
  region size 1024K, 67 young (68608K), 2 survivors (2048K)
 Metaspace       used 108948K, committed 110144K, reserved 557056K
  class space    used 14963K, committed 15488K, reserved 425984K
}
Event: 40.605 GC heap after
{Heap after GC invocations=64 (full 0):
 garbage-first heap   total 332800K, used 201299K [0x0000000080000000, 0x0000000100000000)
  region size 1024K, 6 young (6144K), 6 survivors (6144K)
 Metaspace       used 108948K, committed 110144K, reserved 557056K
  class space    used 14963K, committed 15488K, reserved 425984K
}
Event: 40.833 GC heap before
{Heap before GC invocations=64 (full 0):
 garbage-first heap   total 332800K, used 267859K [0x0000000080000000, 0x0000000100000000)
  region size 1024K, 71 young (72704K), 6 survivors (6144K)
 Metaspace       used 108960K, committed 110144K, reserved 557056K
  class space    used 14963K, committed 15488K, reserved 425984K
}
Event: 40.838 GC heap after
{Heap after GC invocations=65 (full 0):
 garbage-first heap   total 332800K, used 202997K [0x0000000080000000, 0x0000000100000000)
  region size 1024K, 7 young (7168K), 7 survivors (7168K)
 Metaspace       used 108960K, committed 110144K, reserved 557056K
  class space    used 14963K, committed 15488K, reserved 425984K
}

