# JRE version: OpenJDK Runtime Environment Microsoft-8035246 (17.0.8+7) (build 17.0.8+7-LTS)
# Java VM: OpenJDK 64-Bit Server VM Microsoft-8035246 (17.0.8+7-LTS, mixed mode, sharing, tiered, compressed oops, compressed class ptrs, g1 gc, windows-amd64)
GC Precious Log:
 CPUs: 12 total, 12 available
 Memory: 7502M
 Large Page Support: Disabled
 NUMA Support: Disabled
 Compressed Oops: Enabled (32-bit)
 Heap Region Size: 1M
 Heap Min Capacity: 8M
 Heap Initial Capacity: 118M
 Heap Max Capacity: 2G
 Pre-touch: Disabled
 Parallel Workers: 10
 Concurrent Workers: 3
 Concurrent Refinement Workers: 10
 Periodic GC: Disabled
Heap:
 garbage-first heap   total 303104K, used 227674K [0x0000000080000000, 0x0000000100000000)
  region size 1024K, 25 young (25600K), 5 survivors (5120K)
 Metaspace       used 109225K, committed 110400K, reserved 557056K
  class space    used 15006K, committed 15552K, reserved 425984K
GC Heap History (20 events):
Event: 29.920 GC heap before
{Heap before GC invocations=36 (full 0):
 garbage-first heap   total 303104K, used 253911K [0x0000000080000000, 0x0000000100000000)
  region size 1024K, 147 young (150528K), 19 survivors (19456K)
 Metaspace       used 97058K, committed 98048K, reserved 557056K
  class space    used 13615K, committed 14080K, reserved 425984K
}
Event: 29.937 GC heap after
{Heap after GC invocations=37 (full 0):
 garbage-first heap   total 303104K, used 148577K [0x0000000080000000, 0x0000000100000000)
  region size 1024K, 19 young (19456K), 19 survivors (19456K)
 Metaspace       used 97058K, committed 98048K, reserved 557056K
  class space    used 13615K, committed 14080K, reserved 425984K
}
Event: 31.169 GC heap before
{Heap before GC invocations=37 (full 0):
 garbage-first heap   total 303104K, used 237665K [0x0000000080000000, 0x0000000100000000)
  region size 1024K, 105 young (107520K), 19 survivors (19456K)
 Metaspace       used 99202K, committed 100288K, reserved 557056K
  class space    used 13845K, committed 14336K, reserved 425984K
}
Event: 31.182 GC heap after
{Heap after GC invocations=38 (full 0):
 garbage-first heap   total 303104K, used 163200K [0x0000000080000000, 0x0000000100000000)
  region size 1024K, 14 young (14336K), 14 survivors (14336K)
 Metaspace       used 99202K, committed 100288K, reserved 557056K
  class space    used 13845K, committed 14336K, reserved 425984K
}
Event: 32.184 GC heap before
{Heap before GC invocations=38 (full 0):
 garbage-first heap   total 303104K, used 241024K [0x0000000080000000, 0x0000000100000000)
  region size 1024K, 88 young (90112K), 14 survivors (14336K)
 Metaspace       used 102412K, committed 103552K, reserved 557056K
  class space    used 14332K, committed 14848K, reserved 425984K
}
Event: 32.194 GC heap after
{Heap after GC invocations=39 (full 0):
 garbage-first heap   total 303104K, used 175103K [0x0000000080000000, 0x0000000100000000)
  region size 1024K, 11 young (11264K), 11 survivors (11264K)
 Metaspace       used 102412K, committed 103552K, reserved 557056K
  class space    used 14332K, committed 14848K, reserved 425984K
}
Event: 33.252 GC heap before
{Heap before GC invocations=39 (full 0):
 garbage-first heap   total 303104K, used 242687K [0x0000000080000000, 0x0000000100000000)
  region size 1024K, 77 young (78848K), 11 survivors (11264K)
 Metaspace       used 105657K, committed 106752K, reserved 557056K
  class space    used 14722K, committed 15232K, reserved 425984K
}
Event: 33.263 GC heap after
{Heap after GC invocations=40 (full 0):
 garbage-first heap   total 303104K, used 183715K [0x0000000080000000, 0x0000000100000000)
  region size 1024K, 9 young (9216K), 9 survivors (9216K)
 Metaspace       used 105657K, committed 106752K, reserved 557056K
  class space    used 14722K, committed 15232K, reserved 425984K
}
Event: 33.916 GC heap before
{Heap before GC invocations=40 (full 0):
 garbage-first heap   total 303104K, used 246179K [0x0000000080000000, 0x0000000100000000)
  region size 1024K, 70 young (71680K), 9 survivors (9216K)
 Metaspace       used 106315K, committed 107520K, reserved 557056K
  class space    used 14769K, committed 15296K, reserved 425984K
}
Event: 33.925 GC heap after
{Heap after GC invocations=41 (full 0):
 garbage-first heap   total 303104K, used 190640K [0x0000000080000000, 0x0000000100000000)
  region size 1024K, 7 young (7168K), 7 survivors (7168K)
 Metaspace       used 106315K, committed 107520K, reserved 557056K
  class space    used 14769K, committed 15296K, reserved 425984K
}
Event: 34.477 GC heap before
{Heap before GC invocations=41 (full 0):
 garbage-first heap   total 303104K, used 247984K [0x0000000080000000, 0x0000000100000000)
  region size 1024K, 64 young (65536K), 7 survivors (7168K)
 Metaspace       used 107637K, committed 108800K, reserved 557056K
  class space    used 14893K, committed 15424K, reserved 425984K
}
Event: 34.486 GC heap after
{Heap after GC invocations=42 (full 0):
 garbage-first heap   total 303104K, used 198655K [0x0000000080000000, 0x0000000100000000)
  region size 1024K, 8 young (8192K), 8 survivors (8192K)
 Metaspace       used 107637K, committed 108800K, reserved 557056K
  class space    used 14893K, committed 15424K, reserved 425984K
}
Event: 34.913 GC heap before
{Heap before GC invocations=42 (full 0):
 garbage-first heap   total 303104K, used 255999K [0x0000000080000000, 0x0000000100000000)
  region size 1024K, 60 young (61440K), 8 survivors (8192K)
 Metaspace       used 108793K, committed 109952K, reserved 557056K
  class space    used 14959K, committed 15488K, reserved 425984K
}
Event: 34.920 GC heap after
{Heap after GC invocations=43 (full 0):
 garbage-first heap   total 303104K, used 203455K [0x0000000080000000, 0x0000000100000000)
  region size 1024K, 5 young (5120K), 5 survivors (5120K)
 Metaspace       used 108793K, committed 109952K, reserved 557056K
  class space    used 14959K, committed 15488K, reserved 425984K
}
Event: 35.376 GC heap before
{Heap before GC invocations=43 (full 0):
 garbage-first heap   total 303104K, used 252607K [0x0000000080000000, 0x0000000100000000)
  region size 1024K, 54 young (55296K), 5 survivors (5120K)
 Metaspace       used 109221K, committed 110400K, reserved 557056K
  class space    used 15006K, committed 15552K, reserved 425984K
}
Event: 35.381 GC heap after
{Heap after GC invocations=44 (full 0):
 garbage-first heap   total 303104K, used 205680K [0x0000000080000000, 0x0000000100000000)
  region size 1024K, 5 young (5120K), 5 survivors (5120K)
 Metaspace       used 109221K, committed 110400K, reserved 557056K
  class space    used 15006K, committed 15552K, reserved 425984K
}
Event: 35.556 GC heap before
{Heap before GC invocations=44 (full 0):
 garbage-first heap   total 303104K, used 253808K [0x0000000080000000, 0x0000000100000000)
  region size 1024K, 53 young (54272K), 5 survivors (5120K)
 Metaspace       used 109225K, committed 110400K, reserved 557056K
  class space    used 15006K, committed 15552K, reserved 425984K
}
Event: 35.560 GC heap after
{Heap after GC invocations=45 (full 0):
 garbage-first heap   total 303104K, used 206954K [0x0000000080000000, 0x0000000100000000)
  region size 1024K, 4 young (4096K), 4 survivors (4096K)
 Metaspace       used 109225K, committed 110400K, reserved 557056K
  class space    used 15006K, committed 15552K, reserved 425984K
}
Event: 35.903 GC heap before
{Heap before GC invocations=45 (full 0):
 garbage-first heap   total 303104K, used 256106K [0x0000000080000000, 0x0000000100000000)
  region size 1024K, 52 young (53248K), 4 survivors (4096K)
 Metaspace       used 109225K, committed 110400K, reserved 557056K
  class space    used 15006K, committed 15552K, reserved 425984K
}
Event: 35.906 GC heap after
{Heap after GC invocations=46 (full 0):
 garbage-first heap   total 303104K, used 208218K [0x0000000080000000, 0x0000000100000000)
  region size 1024K, 5 young (5120K), 5 survivors (5120K)
 Metaspace       used 109225K, committed 110400K, reserved 557056K
  class space    used 15006K, committed 15552K, reserved 425984K
}

