# JRE version: OpenJDK Runtime Environment Microsoft-8035246 (17.0.8+7) (build 17.0.8+7-LTS)
# Java VM: OpenJDK 64-Bit Server VM Microsoft-8035246 (17.0.8+7-LTS, mixed mode, sharing, tiered, compressed oops, compressed class ptrs, g1 gc, windows-amd64)
GC Precious Log:
 CPUs: 12 total, 12 available
 Memory: 7502M
 Large Page Support: Disabled
 NUMA Support: Disabled
 Compressed Oops: Enabled (32-bit)
 Heap Region Size: 1M
 Heap Min Capacity: 8M
 Heap Initial Capacity: 118M
 Heap Max Capacity: 2G
 Pre-touch: Disabled
 Parallel Workers: 10
 Concurrent Workers: 3
 Concurrent Refinement Workers: 10
 Periodic GC: Disabled
Heap:
 garbage-first heap   total 323584K, used 275979K [0x0000000080000000, 0x0000000100000000)
  region size 1024K, 66 young (67584K), 5 survivors (5120K)
 Metaspace       used 108970K, committed 110208K, reserved 557056K
  class space    used 14974K, committed 15488K, reserved 425984K
GC Heap History (20 events):
Event: 38.623 GC heap before
{Heap before GC invocations=66 (full 0):
 garbage-first heap   total 269312K, used 227624K [0x0000000080000000, 0x0000000100000000)
  region size 1024K, 37 young (37888K), 4 survivors (4096K)
 Metaspace       used 106158K, committed 107264K, reserved 557056K
  class space    used 14748K, committed 15232K, reserved 425984K
}
Event: 38.629 GC heap after
{Heap after GC invocations=67 (full 0):
 garbage-first heap   total 269312K, used 196792K [0x0000000080000000, 0x0000000100000000)
  region size 1024K, 4 young (4096K), 4 survivors (4096K)
 Metaspace       used 106158K, committed 107264K, reserved 557056K
  class space    used 14748K, committed 15232K, reserved 425984K
}
Event: 38.941 GC heap before
{Heap before GC invocations=67 (full 0):
 garbage-first heap   total 269312K, used 228536K [0x0000000080000000, 0x0000000100000000)
  region size 1024K, 35 young (35840K), 4 survivors (4096K)
 Metaspace       used 106672K, committed 107776K, reserved 557056K
  class space    used 14808K, committed 15296K, reserved 425984K
}
Event: 38.947 GC heap after
{Heap after GC invocations=68 (full 0):
 garbage-first heap   total 269312K, used 201123K [0x0000000080000000, 0x0000000100000000)
  region size 1024K, 5 young (5120K), 5 survivors (5120K)
 Metaspace       used 106672K, committed 107776K, reserved 557056K
  class space    used 14808K, committed 15296K, reserved 425984K
}
Event: 39.285 GC heap before
{Heap before GC invocations=68 (full 0):
 garbage-first heap   total 269312K, used 233891K [0x0000000080000000, 0x0000000100000000)
  region size 1024K, 33 young (33792K), 5 survivors (5120K)
 Metaspace       used 108446K, committed 109568K, reserved 557056K
  class space    used 14921K, committed 15424K, reserved 425984K
}
Event: 39.292 GC heap after
{Heap after GC invocations=69 (full 0):
 garbage-first heap   total 269312K, used 206113K [0x0000000080000000, 0x0000000100000000)
  region size 1024K, 5 young (5120K), 5 survivors (5120K)
 Metaspace       used 108446K, committed 109568K, reserved 557056K
  class space    used 14921K, committed 15424K, reserved 425984K
}
Event: 39.432 GC heap before
{Heap before GC invocations=69 (full 0):
 garbage-first heap   total 269312K, used 229665K [0x0000000080000000, 0x0000000100000000)
  region size 1024K, 29 young (29696K), 5 survivors (5120K)
 Metaspace       used 108494K, committed 109696K, reserved 557056K
  class space    used 14927K, committed 15488K, reserved 425984K
}
Event: 39.436 GC heap after
{Heap after GC invocations=70 (full 0):
 garbage-first heap   total 269312K, used 208364K [0x0000000080000000, 0x0000000100000000)
  region size 1024K, 4 young (4096K), 4 survivors (4096K)
 Metaspace       used 108494K, committed 109696K, reserved 557056K
  class space    used 14927K, committed 15488K, reserved 425984K
}
Event: 39.642 GC heap before
{Heap before GC invocations=70 (full 0):
 garbage-first heap   total 269312K, used 229868K [0x0000000080000000, 0x0000000100000000)
  region size 1024K, 26 young (26624K), 4 survivors (4096K)
 Metaspace       used 108556K, committed 109760K, reserved 557056K
  class space    used 14927K, committed 15488K, reserved 425984K
}
Event: 39.645 GC heap after
{Heap after GC invocations=71 (full 0):
 garbage-first heap   total 269312K, used 209018K [0x0000000080000000, 0x0000000100000000)
  region size 1024K, 3 young (3072K), 3 survivors (3072K)
 Metaspace       used 108556K, committed 109760K, reserved 557056K
  class space    used 14927K, committed 15488K, reserved 425984K
}
Event: 39.969 GC heap before
{Heap before GC invocations=71 (full 0):
 garbage-first heap   total 269312K, used 230522K [0x0000000080000000, 0x0000000100000000)
  region size 1024K, 25 young (25600K), 3 survivors (3072K)
 Metaspace       used 108960K, committed 110144K, reserved 557056K
  class space    used 14974K, committed 15488K, reserved 425984K
}
Event: 39.972 GC heap after
{Heap after GC invocations=72 (full 0):
 garbage-first heap   total 269312K, used 210780K [0x0000000080000000, 0x0000000100000000)
  region size 1024K, 4 young (4096K), 4 survivors (4096K)
 Metaspace       used 108960K, committed 110144K, reserved 557056K
  class space    used 14974K, committed 15488K, reserved 425984K
}
Event: 40.041 GC heap before
{Heap before GC invocations=72 (full 0):
 garbage-first heap   total 269312K, used 230236K [0x0000000080000000, 0x0000000100000000)
  region size 1024K, 24 young (24576K), 4 survivors (4096K)
 Metaspace       used 108967K, committed 110144K, reserved 557056K
  class space    used 14974K, committed 15488K, reserved 425984K
}
Event: 40.045 GC heap after
{Heap after GC invocations=73 (full 0):
 garbage-first heap   total 269312K, used 211783K [0x0000000080000000, 0x0000000100000000)
  region size 1024K, 3 young (3072K), 3 survivors (3072K)
 Metaspace       used 108967K, committed 110144K, reserved 557056K
  class space    used 14974K, committed 15488K, reserved 425984K
}
Event: 40.110 GC heap before
{Heap before GC invocations=73 (full 0):
 garbage-first heap   total 269312K, used 231239K [0x0000000080000000, 0x0000000100000000)
  region size 1024K, 23 young (23552K), 3 survivors (3072K)
 Metaspace       used 108969K, committed 110144K, reserved 557056K
  class space    used 14974K, committed 15488K, reserved 425984K
}
Event: 40.113 GC heap after
{Heap after GC invocations=74 (full 0):
 garbage-first heap   total 269312K, used 212273K [0x0000000080000000, 0x0000000100000000)
  region size 1024K, 3 young (3072K), 3 survivors (3072K)
 Metaspace       used 108969K, committed 110144K, reserved 557056K
  class space    used 14974K, committed 15488K, reserved 425984K
}
Event: 40.171 GC heap before
{Heap before GC invocations=74 (full 0):
 garbage-first heap   total 269312K, used 230705K [0x0000000080000000, 0x0000000100000000)
  region size 1024K, 22 young (22528K), 3 survivors (3072K)
 Metaspace       used 108969K, committed 110144K, reserved 557056K
  class space    used 14974K, committed 15488K, reserved 425984K
}
Event: 40.174 GC heap after
{Heap after GC invocations=75 (full 0):
 garbage-first heap   total 323584K, used 212866K [0x0000000080000000, 0x0000000100000000)
  region size 1024K, 3 young (3072K), 3 survivors (3072K)
 Metaspace       used 108969K, committed 110144K, reserved 557056K
  class space    used 14974K, committed 15488K, reserved 425984K
}
Event: 40.704 GC heap before
{Heap before GC invocations=75 (full 0):
 garbage-first heap   total 323584K, used 277378K [0x0000000080000000, 0x0000000100000000)
  region size 1024K, 66 young (67584K), 3 survivors (3072K)
 Metaspace       used 108969K, committed 110144K, reserved 557056K
  class space    used 14974K, committed 15488K, reserved 425984K
}
Event: 40.709 GC heap after
{Heap after GC invocations=76 (full 0):
 garbage-first heap   total 323584K, used 214539K [0x0000000080000000, 0x0000000100000000)
  region size 1024K, 5 young (5120K), 5 survivors (5120K)
 Metaspace       used 108969K, committed 110144K, reserved 557056K
  class space    used 14974K, committed 15488K, reserved 425984K
}

